<?xml version="1.0" encoding="UTF-8"?>
<testng-results ignored="0" total="1" passed="1" failed="0" skipped="0">
  <reporter-output>
  </reporter-output>
  <suite started-at="2025-09-23T11:31:44 IST" name="Default suite" finished-at="2025-09-23T11:32:29 IST" duration-ms="44597">
    <groups>
      <group name="cucumber">
        <method signature="AbstractTestNGCucumberTests.runScenario(io.cucumber.testng.PickleWrapper,io.cucumber.testng.FeatureWrapper)[pri:0, instance:CucumberTestNg.TestNgRunner$TestNgtestRunner@291b4bf5]" name="runScenario" class="io.cucumber.testng.AbstractTestNGCucumberTests"/>
      </group> <!-- cucumber -->
    </groups>
    <test started-at="2025-09-23T11:31:44 IST" name="Default test" finished-at="2025-09-23T11:32:29 IST" duration-ms="44597">
      <class name="CucumberTestNg.TestNgRunner$TestNgtestRunner">
        <test-method is-config="true" signature="setUpClass(org.testng.ITestContext)[pri:0, instance:CucumberTestNg.TestNgRunner$TestNgtestRunner@291b4bf5]" started-at="2025-09-23T11:31:44 IST" name="setUpClass" finished-at="2025-09-23T11:31:45 IST" duration-ms="592" status="PASS">
          <params>
            <param index="0">
              <value>
                <![CDATA[org.testng.TestRunner@53ed09e8]]>
              </value>
            </param>
          </params>
          <reporter-output>
          </reporter-output>
        </test-method> <!-- setUpClass -->
        <test-method signature="runScenario(io.cucumber.testng.PickleWrapper,io.cucumber.testng.FeatureWrapper)[pri:0, instance:CucumberTestNg.TestNgRunner$TestNgtestRunner@291b4bf5]" started-at="2025-09-23T11:31:45 IST" name="runScenario" description="Runs Cucumber Scenarios" data-provider="scenarios" finished-at="2025-09-23T11:32:29 IST" duration-ms="43905" status="PASS">
          <params>
            <param index="0">
              <value>
                <![CDATA["Creating delivery schedule"]]>
              </value>
            </param>
            <param index="1">
              <value>
                <![CDATA["Delivery Schedule"]]>
              </value>
            </param>
          </params>
          <reporter-output>
          </reporter-output>
        </test-method> <!-- runScenario -->
        <test-method is-config="true" signature="tearDownClass()[pri:0, instance:CucumberTestNg.TestNgRunner$TestNgtestRunner@291b4bf5]" started-at="2025-09-23T11:32:29 IST" name="tearDownClass" finished-at="2025-09-23T11:32:29 IST" duration-ms="49" status="PASS">
          <reporter-output>
          </reporter-output>
        </test-method> <!-- tearDownClass -->
      </class> <!-- CucumberTestNg.TestNgRunner$TestNgtestRunner -->
    </test> <!-- Default test -->
  </suite> <!-- Default suite -->
</testng-results>
