<?xml version="1.0" encoding="UTF-8"?>
<!-- Generated by org.testng.reporters.JUnitReportReporter -->
<testsuite hostname="DESKTOP-3THIE28" failures="0" tests="13" name="selenium.CreateOrder" time="-1742539904.000" errors="1" timestamp="2025-03-21T12:21:22 IST" skipped="12">
  <testcase classname="selenium.CreateOrder" name="setUp" time="-1742539904.000">
    <error message="
Parameter &#039;browser&#039; is required by BeforeClass on method setUp but has not been marked @Optional or defined
in C:\Users\DELL\AppData\Local\Temp\testng-eclipse--1202874194\testng-customsuite.xml" type="org.testng.TestNGException">
      <![CDATA[org.testng.TestNGException: 
Parameter 'browser' is required by BeforeClass on method setUp but has not been marked @Optional or defined
in C:\Users\DELL\AppData\Local\Temp\testng-eclipse--1202874194\testng-customsuite.xml
at org.testng.internal.Parameters.createParams(Parameters.java:264)
at org.testng.internal.Parameters.createParametersForMethod(Parameters.java:352)
at org.testng.internal.Parameters.createParameters(Parameters.java:690)
at org.testng.internal.Parameters.createConfigurationParameters(Parameters.java:163)
at org.testng.internal.invokers.ConfigInvoker.invokeConfigurations(ConfigInvoker.java:313)
at org.testng.internal.invokers.TestMethodWorker.invokeBeforeClassMethods(TestMethodWorker.java:188)
at org.testng.internal.invokers.TestMethodWorker.run(TestMethodWorker.java:128)
at java.base/java.util.ArrayList.forEach(ArrayList.java:1597)
at org.testng.TestRunner.privateRun(TestRunner.java:739)
at org.testng.TestRunner.run(TestRunner.java:614)
at org.testng.SuiteRunner.runTest(SuiteRunner.java:421)
at org.testng.SuiteRunner.runSequentially(SuiteRunner.java:413)
at org.testng.SuiteRunner.privateRun(SuiteRunner.java:373)
at org.testng.SuiteRunner.run(SuiteRunner.java:312)
at org.testng.SuiteRunnerWorker.runSuite(SuiteRunnerWorker.java:52)
at org.testng.SuiteRunnerWorker.run(SuiteRunnerWorker.java:95)
at org.testng.TestNG.runSuitesSequentially(TestNG.java:1274)
at org.testng.TestNG.runSuitesLocally(TestNG.java:1208)
at org.testng.TestNG.runSuites(TestNG.java:1112)
at org.testng.TestNG.run(TestNG.java:1079)
at org.testng.remote.AbstractRemoteTestNG.run(AbstractRemoteTestNG.java:115)
at org.testng.remote.RemoteTestNG.initAndRun(RemoteTestNG.java:293)
at org.testng.remote.RemoteTestNG.main(RemoteTestNG.java:91)
]]>
    </error>
  </testcase> <!-- setUp -->
  <testcase classname="selenium.CreateOrder" name="testDraftOrder" time="0.000">
    <skipped/>
  </testcase> <!-- testDraftOrder -->
  <testcase classname="selenium.CreateOrder" name="testBusinessFilteration" time="0.001">
    <skipped/>
  </testcase> <!-- testBusinessFilteration -->
  <testcase classname="selenium.CreateOrder" name="testProductFilteration" time="0.000">
    <skipped/>
  </testcase> <!-- testProductFilteration -->
  <testcase classname="selenium.CreateOrder" name="testFOCOrderCreation" time="0.001">
    <skipped/>
  </testcase> <!-- testFOCOrderCreation -->
  <testcase classname="selenium.CreateOrder" name="testValidateTotalAmount" time="0.000">
    <skipped/>
  </testcase> <!-- testValidateTotalAmount -->
  <testcase classname="selenium.CreateOrder" name="testPastShippDateDate" time="0.000">
    <skipped/>
  </testcase> <!-- testPastShippDateDate -->
  <testcase classname="selenium.CreateOrder" name="testShipDateErrorMessageValidation" time="0.000">
    <skipped/>
  </testcase> <!-- testShipDateErrorMessageValidation -->
  <testcase classname="selenium.CreateOrder" name="testLpoNumPopupErrorValidation" time="0.000">
    <skipped/>
  </testcase> <!-- testLpoNumPopupErrorValidation -->
  <testcase classname="selenium.CreateOrder" name="testSelectPaymentMode" time="0.000">
    <skipped/>
  </testcase> <!-- testSelectPaymentMode -->
  <testcase classname="selenium.CreateOrder" name="testSelBillingAddrAndShiAddrPopupErrorValidation" time="0.000">
    <skipped/>
  </testcase> <!-- testSelBillingAddrAndShiAddrPopupErrorValidation -->
  <testcase classname="selenium.CreateOrder" name="testSelectByDriver" time="0.001">
    <skipped/>
  </testcase> <!-- testSelectByDriver -->
  <testcase classname="selenium.CreateOrder" name="testClickPlaceOrderButton" time="0.000">
    <skipped/>
  </testcase> <!-- testClickPlaceOrderButton -->
</testsuite> <!-- selenium.CreateOrder -->
