<?xml version="1.0" encoding="UTF-8"?>
<!-- Generated by org.testng.reporters.JUnitReportReporter -->
<testsuite hostname="DESKTOP-3THIE28" failures="0" tests="1" name="CucumberTestNg.TestNgRunner$TestNgtestRunner" time="44.651" errors="1" timestamp="2025-11-28T14:47:45 IST" skipped="0">
  <testcase classname="CucumberTestNg.TestNgRunner$TestNgtestRunner" name="runScenario" time="44.651">
    <error message="element click intercepted: Element &lt;div class=&quot;oneline-row a-center&quot;&gt;...&lt;/div&gt; is not clickable at point (1138, 559). Other element would receive the click: &lt;div class=&quot;react-confirm-alert-overlay notification-overlay&quot;&gt;...&lt;/div&gt;
  (Session info: chrome=142.0.7444.176)
Build info: version: &#039;4.27.0&#039;, revision: &#039;d6e718d134&#039;
System info: os.name: &#039;Windows 11&#039;, os.arch: &#039;amd64&#039;, os.version: &#039;10.0&#039;, java.version: &#039;17.0.17&#039;
Driver info: org.openqa.selenium.chrome.ChromeDriver
Command: [46f132a8990e9616c93216555b5f5d05, clickElement {id=f.DAC16A0BA0EE53B4BB9197AC51D65945.d.4CB11D12771EDB877594536511E3EDCA.e.3789}]
Capabilities {acceptInsecureCerts: false, browserName: chrome, browserVersion: 142.0.7444.176, chrome: {chromedriverVersion: 142.0.7444.61 (9884f628acbc..., userDataDir: C:\Users\DELL\AppData\Local...}, fedcm:accounts: true, goog:chromeOptions: {debuggerAddress: localhost:54212}, goog:processID: 21984, networkConnectionEnabled: false, pageLoadStrategy: normal, platformName: windows, proxy: Proxy(), se:cdp: ws://localhost:54212/devtoo..., se:cdpVersion: 142.0.7444.176, setWindowRect: true, strictFileInteractability: false, timeouts: {implicit: 0, pageLoad: 300000, script: 30000}, unhandledPromptBehavior: dismiss and notify, webauthn:extension:credBlob: true, webauthn:extension:largeBlob: true, webauthn:extension:minPinLength: true, webauthn:extension:prf: true, webauthn:virtualAuthenticators: true}
Element: [[ChromeDriver: chrome on windows (46f132a8990e9616c93216555b5f5d05)] -&gt; xpath: //div[text()=&#039;Next &#039;]]
Session ID: 46f132a8990e9616c93216555b5f5d05" type="org.openqa.selenium.ElementClickInterceptedException">
      <![CDATA[org.openqa.selenium.ElementClickInterceptedException: element click intercepted: Element <div class="oneline-row a-center">...</div> is not clickable at point (1138, 559). Other element would receive the click: <div class="react-confirm-alert-overlay notification-overlay">...</div>
  (Session info: chrome=142.0.7444.176)
Build info: version: '4.27.0', revision: 'd6e718d134'
System info: os.name: 'Windows 11', os.arch: 'amd64', os.version: '10.0', java.version: '17.0.17'
Driver info: org.openqa.selenium.chrome.ChromeDriver
Command: [46f132a8990e9616c93216555b5f5d05, clickElement {id=f.DAC16A0BA0EE53B4BB9197AC51D65945.d.4CB11D12771EDB877594536511E3EDCA.e.3789}]
Capabilities {acceptInsecureCerts: false, browserName: chrome, browserVersion: 142.0.7444.176, chrome: {chromedriverVersion: 142.0.7444.61 (9884f628acbc..., userDataDir: C:\Users\DELL\AppData\Local...}, fedcm:accounts: true, goog:chromeOptions: {debuggerAddress: localhost:54212}, goog:processID: 21984, networkConnectionEnabled: false, pageLoadStrategy: normal, platformName: windows, proxy: Proxy(), se:cdp: ws://localhost:54212/devtoo..., se:cdpVersion: 142.0.7444.176, setWindowRect: true, strictFileInteractability: false, timeouts: {implicit: 0, pageLoad: 300000, script: 30000}, unhandledPromptBehavior: dismiss and notify, webauthn:extension:credBlob: true, webauthn:extension:largeBlob: true, webauthn:extension:minPinLength: true, webauthn:extension:prf: true, webauthn:virtualAuthenticators: true}
Element: [[ChromeDriver: chrome on windows (46f132a8990e9616c93216555b5f5d05)] -> xpath: //div[text()='Next ']]
Session ID: 46f132a8990e9616c93216555b5f5d05
at java.base/jdk.internal.reflect.NativeConstructorAccessorImpl.newInstance0(Native Method)
at java.base/jdk.internal.reflect.NativeConstructorAccessorImpl.newInstance(NativeConstructorAccessorImpl.java:77)
at java.base/jdk.internal.reflect.DelegatingConstructorAccessorImpl.newInstance(DelegatingConstructorAccessorImpl.java:45)
at java.base/java.lang.reflect.Constructor.newInstanceWithCaller(Constructor.java:499)
at java.base/java.lang.reflect.Constructor.newInstance(Constructor.java:480)
at org.openqa.selenium.remote.ErrorCodec.decode(ErrorCodec.java:167)
at org.openqa.selenium.remote.codec.w3c.W3CHttpResponseCodec.decode(W3CHttpResponseCodec.java:138)
at org.openqa.selenium.remote.codec.w3c.W3CHttpResponseCodec.decode(W3CHttpResponseCodec.java:50)
at org.openqa.selenium.remote.HttpCommandExecutor.execute(HttpCommandExecutor.java:190)
at org.openqa.selenium.remote.service.DriverCommandExecutor.invokeExecute(DriverCommandExecutor.java:216)
at org.openqa.selenium.remote.service.DriverCommandExecutor.execute(DriverCommandExecutor.java:174)
at org.openqa.selenium.remote.RemoteWebDriver.execute(RemoteWebDriver.java:545)
at org.openqa.selenium.remote.RemoteWebElement.execute(RemoteWebElement.java:223)
at org.openqa.selenium.remote.RemoteWebElement.click(RemoteWebElement.java:76)
at PageObject.CreateLpo.clicknextbutton(CreateLpo.java:115)
at StepDefinition.Create_LpoStepDefinition.move_to_third_page_and_confirm_the_data_and_click_the_submit_button(Create_LpoStepDefinition.java:63)
at âœ½.Move to third page and confirm the data and click the submit button(file:///E:/Selenium/FreshonTable_V001/src/test/java/FeatureFile/CreateLpo.feature:17)
]]>
    </error>
  </testcase> <!-- runScenario -->
</testsuite> <!-- CucumberTestNg.TestNgRunner$TestNgtestRunner -->
